Compilando...
/Users/macbook/Documents/GitHub/ogamecloneapp/myapp.csproj : warning NU1603: myapp depende de bunit (>= 1.24.0), pero no se encontró bunit 1.24.0. Se resolvió una mejor coincidencia aproximada de bunit 1.24.10.
/Users/macbook/Documents/GitHub/ogamecloneapp/myapp.csproj : warning NU1603: myapp depende de bunit (>= 1.24.0), pero no se encontró bunit 1.24.0. Se resolvió una mejor coincidencia aproximada de bunit 1.24.10.
/Users/macbook/Documents/GitHub/ogamecloneapp/Components/Pages/ConstellationPage.razor(118,1): error RZ9980: Unclosed tag 'div' with no matching end tag. [/Users/macbook/Documents/GitHub/ogamecloneapp/myapp.csproj]
/Users/macbook/Documents/GitHub/ogamecloneapp/Components/Pages/ConstellationPage.razor(131,5): error RZ9980: Unclosed tag 'table' with no matching end tag. [/Users/macbook/Documents/GitHub/ogamecloneapp/myapp.csproj]
/Users/macbook/Documents/GitHub/ogamecloneapp/Components/Pages/ConstellationPage.razor(143,9): error RZ9980: Unclosed tag 'tbody' with no matching end tag. [/Users/macbook/Documents/GitHub/ogamecloneapp/myapp.csproj]
/Users/macbook/Documents/GitHub/ogamecloneapp/Components/Pages/ConstellationPage.razor(144,14): error RZ1006: The if block is missing a closing "}" character.  Make sure you have a matching "}" character for all the "{" characters within this block, and that none of the "}" characters are being interpreted as markup. [/Users/macbook/Documents/GitHub/ogamecloneapp/myapp.csproj]
/Users/macbook/Documents/GitHub/ogamecloneapp/Components/Pages/ConstellationPage.razor(146,18): error RZ1006: The foreach block is missing a closing "}" character.  Make sure you have a matching "}" character for all the "{" characters within this block, and that none of the "}" characters are being interpreted as markup. [/Users/macbook/Documents/GitHub/ogamecloneapp/myapp.csproj]
/Users/macbook/Documents/GitHub/ogamecloneapp/Components/Pages/ConstellationPage.razor(148,21): error RZ9980: Unclosed tag 'tr' with no matching end tag. [/Users/macbook/Documents/GitHub/ogamecloneapp/myapp.csproj]
/Users/macbook/Documents/GitHub/ogamecloneapp/Components/Pages/ConstellationPage.razor(148,22): error RZ1025: The "tr" element was not closed.  All elements must be either self-closing or have a matching end tag. [/Users/macbook/Documents/GitHub/ogamecloneapp/myapp.csproj]
/Users/macbook/Documents/GitHub/ogamecloneapp/Components/Pages/ConstellationPage.razor(150,25): error RZ9980: Unclosed tag 'td' with no matching end tag. [/Users/macbook/Documents/GitHub/ogamecloneapp/myapp.csproj]
/Users/macbook/Documents/GitHub/ogamecloneapp/Components/Pages/ConstellationPage.razor(154,26): error RZ9981: Unexpected closing tag 'td' with no matching start tag. [/Users/macbook/Documents/GitHub/ogamecloneapp/myapp.csproj]
/Users/macbook/Documents/GitHub/ogamecloneapp/Components/Pages/ConstellationPage.razor(154,28): error RZ1026: Encountered end tag "td" with no matching start tag.  Are your start/end tags properly balanced? [/Users/macbook/Documents/GitHub/ogamecloneapp/myapp.csproj]
/Users/macbook/Documents/GitHub/ogamecloneapp/Components/Pages/ConstellationPage.razor(239,21): error RZ9981: Unexpected closing tag 'tr' with no matching start tag. [/Users/macbook/Documents/GitHub/ogamecloneapp/myapp.csproj]
/Users/macbook/Documents/GitHub/ogamecloneapp/Components/Pages/ConstellationPage.razor(239,23): error RZ1026: Encountered end tag "tr" with no matching start tag.  Are your start/end tags properly balanced? [/Users/macbook/Documents/GitHub/ogamecloneapp/myapp.csproj]
/Users/macbook/Documents/GitHub/ogamecloneapp/Components/Pages/ConstellationPage.razor(242,9): error RZ9981: Unexpected closing tag 'tbody' with no matching start tag. [/Users/macbook/Documents/GitHub/ogamecloneapp/myapp.csproj]
/Users/macbook/Documents/GitHub/ogamecloneapp/Components/Pages/ConstellationPage.razor(243,5): error RZ9981: Unexpected closing tag 'table' with no matching start tag. [/Users/macbook/Documents/GitHub/ogamecloneapp/myapp.csproj]
/Users/macbook/Documents/GitHub/ogamecloneapp/Components/Pages/ConstellationPage.razor(243,7): error RZ1026: Encountered end tag "table" with no matching start tag.  Are your start/end tags properly balanced? [/Users/macbook/Documents/GitHub/ogamecloneapp/myapp.csproj]
/Users/macbook/Documents/GitHub/ogamecloneapp/Components/Pages/ConstellationPage.razor(244,1): error RZ9981: Unexpected closing tag 'div' with no matching start tag. [/Users/macbook/Documents/GitHub/ogamecloneapp/myapp.csproj]
/Users/macbook/Documents/GitHub/ogamecloneapp/Components/Pages/ConstellationPage.razor(244,3): error RZ1026: Encountered end tag "div" with no matching start tag.  Are your start/end tags properly balanced? [/Users/macbook/Documents/GitHub/ogamecloneapp/myapp.csproj]
/Users/macbook/Documents/GitHub/ogamecloneapp/Microsoft.NET.Sdk.Razor.SourceGenerators/Microsoft.NET.Sdk.Razor.SourceGenerators.RazorSourceGenerator/Components_Pages_ConstellationPage_razor.g.cs(689,10): error CS1513: Se esperaba } [/Users/macbook/Documents/GitHub/ogamecloneapp/myapp.csproj]
/Users/macbook/.nuget/packages/microsoft.net.test.sdk/17.7.2/build/netcoreapp3.1/Microsoft.NET.Test.Sdk.Program.cs(4,41): warning CS7022: El punto de entrada del programa es código global: se ignora el punto de entrada "AutoGeneratedProgram.Main(string[])". [/Users/macbook/Documents/GitHub/ogamecloneapp/myapp.csproj]
/Users/macbook/Documents/GitHub/ogamecloneapp/Services/TechnologyService.cs(78,12): warning CS8618: El elemento evento "OnChange" que no acepta valores NULL debe contener un valor distinto de NULL al salir del constructor. Considere la posibilidad de declarar el elemento evento como que admite un valor NULL. [/Users/macbook/Documents/GitHub/ogamecloneapp/myapp.csproj]
/Users/macbook/Documents/GitHub/ogamecloneapp/Services/BuildingService.cs(58,12): warning CS8618: El elemento evento "OnChange" que no acepta valores NULL debe contener un valor distinto de NULL al salir del constructor. Considere la posibilidad de declarar el elemento evento como que admite un valor NULL. [/Users/macbook/Documents/GitHub/ogamecloneapp/myapp.csproj]
/Users/macbook/Documents/GitHub/ogamecloneapp/Services/DefenseService.cs(33,24): warning CS8618: El elemento propiedad "Unit" que no acepta valores NULL debe contener un valor distinto de NULL al salir del constructor. Considere la posibilidad de declarar el elemento propiedad como que admite un valor NULL. [/Users/macbook/Documents/GitHub/ogamecloneapp/myapp.csproj]
/Users/macbook/Documents/GitHub/ogamecloneapp/Services/DefenseService.cs(56,12): warning CS8618: El elemento evento "OnChange" que no acepta valores NULL debe contener un valor distinto de NULL al salir del constructor. Considere la posibilidad de declarar el elemento evento como que admite un valor NULL. [/Users/macbook/Documents/GitHub/ogamecloneapp/myapp.csproj]
/Users/macbook/Documents/GitHub/ogamecloneapp/Services/DevModeService.cs(8,25): warning CS8618: El elemento evento "OnChange" que no acepta valores NULL debe contener un valor distinto de NULL al salir del constructor. Considere la posibilidad de declarar el elemento evento como que admite un valor NULL. [/Users/macbook/Documents/GitHub/ogamecloneapp/myapp.csproj]
/Users/macbook/Documents/GitHub/ogamecloneapp/Services/FleetService.cs(18,19): warning CS8618: El elemento propiedad "MissionType" que no acepta valores NULL debe contener un valor distinto de NULL al salir del constructor. Considere la posibilidad de declarar el elemento propiedad como que admite un valor NULL. [/Users/macbook/Documents/GitHub/ogamecloneapp/myapp.csproj]
/Users/macbook/Documents/GitHub/ogamecloneapp/Services/FleetService.cs(19,19): warning CS8618: El elemento propiedad "TargetCoordinates" que no acepta valores NULL debe contener un valor distinto de NULL al salir del constructor. Considere la posibilidad de declarar el elemento propiedad como que admite un valor NULL. [/Users/macbook/Documents/GitHub/ogamecloneapp/myapp.csproj]
/Users/macbook/Documents/GitHub/ogamecloneapp/Services/FleetService.cs(58,17): warning CS8618: El elemento propiedad "Ship" que no acepta valores NULL debe contener un valor distinto de NULL al salir del constructor. Considere la posibilidad de declarar el elemento propiedad como que admite un valor NULL. [/Users/macbook/Documents/GitHub/ogamecloneapp/myapp.csproj]
/Users/macbook/Documents/GitHub/ogamecloneapp/Services/FleetService.cs(89,12): warning CS8618: El elemento evento "OnChange" que no acepta valores NULL debe contener un valor distinto de NULL al salir del constructor. Considere la posibilidad de declarar el elemento evento como que admite un valor NULL. [/Users/macbook/Documents/GitHub/ogamecloneapp/myapp.csproj]
/Users/macbook/Documents/GitHub/ogamecloneapp/Services/MessageService.cs(9,19): warning CS8618: El elemento propiedad "Subject" que no acepta valores NULL debe contener un valor distinto de NULL al salir del constructor. Considere la posibilidad de declarar el elemento propiedad como que admite un valor NULL. [/Users/macbook/Documents/GitHub/ogamecloneapp/myapp.csproj]
/Users/macbook/Documents/GitHub/ogamecloneapp/Services/MessageService.cs(10,19): warning CS8618: El elemento propiedad "Body" que no acepta valores NULL debe contener un valor distinto de NULL al salir del constructor. Considere la posibilidad de declarar el elemento propiedad como que admite un valor NULL. [/Users/macbook/Documents/GitHub/ogamecloneapp/myapp.csproj]
/Users/macbook/Documents/GitHub/ogamecloneapp/Services/MessageService.cs(20,25): warning CS8618: El elemento evento "OnChange" que no acepta valores NULL debe contener un valor distinto de NULL al salir del constructor. Considere la posibilidad de declarar el elemento evento como que admite un valor NULL. [/Users/macbook/Documents/GitHub/ogamecloneapp/myapp.csproj]
/Users/macbook/Documents/GitHub/ogamecloneapp/Services/TechnologyService.cs(30,19): warning CS8618: El elemento propiedad "Name" que no acepta valores NULL debe contener un valor distinto de NULL al salir del constructor. Considere la posibilidad de declarar el elemento propiedad como que admite un valor NULL. [/Users/macbook/Documents/GitHub/ogamecloneapp/myapp.csproj]
/Users/macbook/Documents/GitHub/ogamecloneapp/Services/ResourceService.cs(18,25): warning CS8618: El elemento evento "OnChange" que no acepta valores NULL debe contener un valor distinto de NULL al salir del constructor. Considere la posibilidad de declarar el elemento evento como que admite un valor NULL. [/Users/macbook/Documents/GitHub/ogamecloneapp/myapp.csproj]
/Users/macbook/Documents/GitHub/ogamecloneapp/Services/FleetService.cs(312,16): warning CS8603: Posible tipo de valor devuelto de referencia nulo. [/Users/macbook/Documents/GitHub/ogamecloneapp/myapp.csproj]
/Users/macbook/Documents/GitHub/ogamecloneapp/Components/Pages/ConstellationPage.razor(249,32): warning CS8618: El elemento campo "CurrentPlanets" que no acepta valores NULL debe contener un valor distinto de NULL al salir del constructor. Considere la posibilidad de declarar el elemento campo como que admite un valor NULL. [/Users/macbook/Documents/GitHub/ogamecloneapp/myapp.csproj]
/Users/macbook/Documents/GitHub/ogamecloneapp/Services/FleetService.cs(393,42): warning CS8604: Posible argumento de referencia nulo para el parámetro "planet" en "void FleetService.HandleEspionage(FleetMission mission, GalaxyPlanet planet)". [/Users/macbook/Documents/GitHub/ogamecloneapp/myapp.csproj]
/Users/macbook/Documents/GitHub/ogamecloneapp/Services/FleetService.cs(396,39): warning CS8604: Posible argumento de referencia nulo para el parámetro "planet" en "void FleetService.HandleCombat(FleetMission mission, GalaxyPlanet planet)". [/Users/macbook/Documents/GitHub/ogamecloneapp/myapp.csproj]
/Users/macbook/Documents/GitHub/ogamecloneapp/Services/FleetService.cs(399,45): warning CS8604: Posible argumento de referencia nulo para el parámetro "planet" en "void FleetService.HandleColonization(FleetMission mission, GalaxyPlanet planet)". [/Users/macbook/Documents/GitHub/ogamecloneapp/myapp.csproj]
/Users/macbook/Documents/GitHub/ogamecloneapp/Services/FleetService.cs(402,40): warning CS8604: Posible argumento de referencia nulo para el parámetro "planet" en "void FleetService.HandleRecycle(FleetMission mission, GalaxyPlanet planet)". [/Users/macbook/Documents/GitHub/ogamecloneapp/myapp.csproj]
/Users/macbook/Documents/GitHub/ogamecloneapp/Components/Pages/DefensePage.razor(227,23): warning CS8618: El elemento propiedad "UnitId" que no acepta valores NULL debe contener un valor distinto de NULL al salir del constructor. Considere la posibilidad de declarar el elemento propiedad como que admite un valor NULL. [/Users/macbook/Documents/GitHub/ogamecloneapp/myapp.csproj]
/Users/macbook/Documents/GitHub/ogamecloneapp/Components/Pages/FactoryPage.razor(235,23): warning CS8618: El elemento propiedad "ShipId" que no acepta valores NULL debe contener un valor distinto de NULL al salir del constructor. Considere la posibilidad de declarar el elemento propiedad como que admite un valor NULL. [/Users/macbook/Documents/GitHub/ogamecloneapp/myapp.csproj]
/Users/macbook/Documents/GitHub/ogamecloneapp/Components/Pages/FleetPage.razor(240,23): warning CS8618: El elemento propiedad "ShipId" que no acepta valores NULL debe contener un valor distinto de NULL al salir del constructor. Considere la posibilidad de declarar el elemento propiedad como que admite un valor NULL. [/Users/macbook/Documents/GitHub/ogamecloneapp/myapp.csproj]
/Users/macbook/Documents/GitHub/ogamecloneapp/Services/FleetService.cs(87,18): warning CS0414: El campo 'FleetService._isProcessingQueue' está asignado pero su valor nunca se usa [/Users/macbook/Documents/GitHub/ogamecloneapp/myapp.csproj]

No se pudo llevar a cabo la compilación. Corrija los errores de compilación y vuelva a ejecutar el proyecto.
