Compilando...
/Users/macbook/Documents/GitHub/ogamecloneapp/myapp.csproj : warning NU1603: myapp depende de bunit (>= 1.24.0), pero no se encontró bunit 1.24.0. Se resolvió una mejor coincidencia aproximada de bunit 1.24.10.
/Users/macbook/Documents/GitHub/ogamecloneapp/myapp.csproj : warning NU1603: myapp depende de bunit (>= 1.24.0), pero no se encontró bunit 1.24.0. Se resolvió una mejor coincidencia aproximada de bunit 1.24.10.
/Users/macbook/.nuget/packages/microsoft.net.test.sdk/17.7.2/build/netcoreapp3.1/Microsoft.NET.Test.Sdk.Program.cs(4,41): warning CS7022: El punto de entrada del programa es código global: se ignora el punto de entrada "AutoGeneratedProgram.Main(string[])". [/Users/macbook/Documents/GitHub/ogamecloneapp/myapp.csproj]
/Users/macbook/Documents/GitHub/ogamecloneapp/Services/BuildingService.cs(57,12): warning CS8618: El elemento evento "OnChange" que no acepta valores NULL debe contener un valor distinto de NULL al salir del constructor. Considere la posibilidad de declarar el elemento evento como que admite un valor NULL. [/Users/macbook/Documents/GitHub/ogamecloneapp/myapp.csproj]
/Users/macbook/Documents/GitHub/ogamecloneapp/Services/ResourceService.cs(16,25): warning CS8618: El elemento evento "OnChange" que no acepta valores NULL debe contener un valor distinto de NULL al salir del constructor. Considere la posibilidad de declarar el elemento evento como que admite un valor NULL. [/Users/macbook/Documents/GitHub/ogamecloneapp/myapp.csproj]
/Users/macbook/Documents/GitHub/ogamecloneapp/Components/Pages/DefensePage.razor(173,23): warning CS8618: El elemento propiedad "Title" que no acepta valores NULL debe contener un valor distinto de NULL al salir del constructor. Considere la posibilidad de declarar el elemento propiedad como que admite un valor NULL. [/Users/macbook/Documents/GitHub/ogamecloneapp/myapp.csproj]
/Users/macbook/Documents/GitHub/ogamecloneapp/Components/Pages/DefensePage.razor(174,23): warning CS8618: El elemento propiedad "Description" que no acepta valores NULL debe contener un valor distinto de NULL al salir del constructor. Considere la posibilidad de declarar el elemento propiedad como que admite un valor NULL. [/Users/macbook/Documents/GitHub/ogamecloneapp/myapp.csproj]
/Users/macbook/Documents/GitHub/ogamecloneapp/Components/Pages/DefensePage.razor(178,23): warning CS8618: El elemento propiedad "ConstructionDuration" que no acepta valores NULL debe contener un valor distinto de NULL al salir del constructor. Considere la posibilidad de declarar el elemento propiedad como que admite un valor NULL. [/Users/macbook/Documents/GitHub/ogamecloneapp/myapp.csproj]
/Users/macbook/Documents/GitHub/ogamecloneapp/Components/Pages/DefensePage.razor(179,23): warning CS8618: El elemento propiedad "Image" que no acepta valores NULL debe contener un valor distinto de NULL al salir del constructor. Considere la posibilidad de declarar el elemento propiedad como que admite un valor NULL. [/Users/macbook/Documents/GitHub/ogamecloneapp/myapp.csproj]
/Users/macbook/Documents/GitHub/ogamecloneapp/Components/Pages/DefensePage.razor(187,26): warning CS8618: El elemento propiedad "Cannon" que no acepta valores NULL debe contener un valor distinto de NULL al salir del constructor. Considere la posibilidad de declarar el elemento propiedad como que admite un valor NULL. [/Users/macbook/Documents/GitHub/ogamecloneapp/myapp.csproj]
/Users/macbook/Documents/GitHub/ogamecloneapp/Components/Pages/DefensePage.razor(188,23): warning CS8618: El elemento propiedad "TimeRemaining" que no acepta valores NULL debe contener un valor distinto de NULL al salir del constructor. Considere la posibilidad de declarar el elemento propiedad como que admite un valor NULL. [/Users/macbook/Documents/GitHub/ogamecloneapp/myapp.csproj]
/Users/macbook/Documents/GitHub/ogamecloneapp/Components/Pages/FactoryPage.razor(149,23): warning CS8618: El elemento propiedad "Title" que no acepta valores NULL debe contener un valor distinto de NULL al salir del constructor. Considere la posibilidad de declarar el elemento propiedad como que admite un valor NULL. [/Users/macbook/Documents/GitHub/ogamecloneapp/myapp.csproj]
/Users/macbook/Documents/GitHub/ogamecloneapp/Components/Pages/FactoryPage.razor(150,23): warning CS8618: El elemento propiedad "Description" que no acepta valores NULL debe contener un valor distinto de NULL al salir del constructor. Considere la posibilidad de declarar el elemento propiedad como que admite un valor NULL. [/Users/macbook/Documents/GitHub/ogamecloneapp/myapp.csproj]
/Users/macbook/Documents/GitHub/ogamecloneapp/Components/Pages/FactoryPage.razor(155,23): warning CS8618: El elemento propiedad "Image" que no acepta valores NULL debe contener un valor distinto de NULL al salir del constructor. Considere la posibilidad de declarar el elemento propiedad como que admite un valor NULL. [/Users/macbook/Documents/GitHub/ogamecloneapp/myapp.csproj]
/Users/macbook/Documents/GitHub/ogamecloneapp/Components/Pages/FactoryPage.razor(166,24): warning CS8618: El elemento propiedad "Ship" que no acepta valores NULL debe contener un valor distinto de NULL al salir del constructor. Considere la posibilidad de declarar el elemento propiedad como que admite un valor NULL. [/Users/macbook/Documents/GitHub/ogamecloneapp/myapp.csproj]
/Users/macbook/Documents/GitHub/ogamecloneapp/Components/Pages/FactoryPage.razor(167,23): warning CS8618: El elemento propiedad "TimeRemaining" que no acepta valores NULL debe contener un valor distinto de NULL al salir del constructor. Considere la posibilidad de declarar el elemento propiedad como que admite un valor NULL. [/Users/macbook/Documents/GitHub/ogamecloneapp/myapp.csproj]
/Users/macbook/Documents/GitHub/ogamecloneapp/Components/Pages/FleetPage.razor(339,23): warning CS8618: El elemento propiedad "Winner" que no acepta valores NULL debe contener un valor distinto de NULL al salir del constructor. Considere la posibilidad de declarar el elemento propiedad como que admite un valor NULL. [/Users/macbook/Documents/GitHub/ogamecloneapp/myapp.csproj]
/Users/macbook/Documents/GitHub/ogamecloneapp/Components/Pages/Home.razor(216,18): warning CS0414: El campo 'Home.CrystalCapacity' está asignado pero su valor nunca se usa [/Users/macbook/Documents/GitHub/ogamecloneapp/myapp.csproj]
/Users/macbook/Documents/GitHub/ogamecloneapp/Components/Pages/ConstellationPage.razor(173,17): warning CS0414: El campo 'ConstellationPage.CurrentSystem' está asignado pero su valor nunca se usa [/Users/macbook/Documents/GitHub/ogamecloneapp/myapp.csproj]
/Users/macbook/Documents/GitHub/ogamecloneapp/Components/Pages/Home.razor(220,18): warning CS0414: El campo 'Home.DeuteriumProduction' está asignado pero su valor nunca se usa [/Users/macbook/Documents/GitHub/ogamecloneapp/myapp.csproj]
/Users/macbook/Documents/GitHub/ogamecloneapp/Components/Pages/Home.razor(219,18): warning CS0414: El campo 'Home.DeuteriumCapacity' está asignado pero su valor nunca se usa [/Users/macbook/Documents/GitHub/ogamecloneapp/myapp.csproj]
/Users/macbook/Documents/GitHub/ogamecloneapp/Components/Pages/ConstellationPage.razor(172,17): warning CS0414: El campo 'ConstellationPage.CurrentGalaxy' está asignado pero su valor nunca se usa [/Users/macbook/Documents/GitHub/ogamecloneapp/myapp.csproj]
/Users/macbook/Documents/GitHub/ogamecloneapp/Components/Pages/Home.razor(222,18): warning CS0414: El campo 'Home.Energy' está asignado pero su valor nunca se usa [/Users/macbook/Documents/GitHub/ogamecloneapp/myapp.csproj]
/Users/macbook/Documents/GitHub/ogamecloneapp/Components/Pages/Home.razor(217,18): warning CS0414: El campo 'Home.CrystalProduction' está asignado pero su valor nunca se usa [/Users/macbook/Documents/GitHub/ogamecloneapp/myapp.csproj]
/Users/macbook/Documents/GitHub/ogamecloneapp/Components/Pages/Home.razor(214,18): warning CS0414: El campo 'Home.MetalProduction' está asignado pero su valor nunca se usa [/Users/macbook/Documents/GitHub/ogamecloneapp/myapp.csproj]
/Users/macbook/Documents/GitHub/ogamecloneapp/Components/Pages/Home.razor(213,18): warning CS0414: El campo 'Home.MetalCapacity' está asignado pero su valor nunca se usa [/Users/macbook/Documents/GitHub/ogamecloneapp/myapp.csproj]
/Users/macbook/Documents/GitHub/ogamecloneapp/Components/Pages/ConstellationPage.razor(174,17): warning CS0414: El campo 'ConstellationPage.CurrentPosition' está asignado pero su valor nunca se usa [/Users/macbook/Documents/GitHub/ogamecloneapp/myapp.csproj]
info: Microsoft.Hosting.Lifetime[14]
      Now listening on: http://localhost:5264
info: Microsoft.Hosting.Lifetime[0]
      Application started. Press Ctrl+C to shut down.
info: Microsoft.Hosting.Lifetime[0]
      Hosting environment: Development
info: Microsoft.Hosting.Lifetime[0]
      Content root path: /Users/macbook/Documents/GitHub/ogamecloneapp
fail: Microsoft.AspNetCore.Diagnostics.DeveloperExceptionPageMiddleware[1]
      An unhandled exception has occurred while executing the request.
      System.BadImageFormatException: Illegal or unimplemented ELEM_TYPE in signature. The format of the file '/Users/macbook/Documents/GitHub/ogamecloneapp/bin/Debug/net7.0/myapp.dll' is invalid.
         at System.Signature.GetSignature(Void* pCorSig, Int32 cCorSig, RuntimeFieldHandleInternal fieldHandle, IRuntimeMethodInfo methodHandle, RuntimeType declaringType)
         at System.Reflection.RuntimeConstructorInfo.<get_Signature>g__LazyCreateSignature|21_0()
         at System.Reflection.RuntimeConstructorInfo.GetParameters()
         at System.Dynamic.Utils.TypeExtensions.GetParametersCached(MethodBase method)
         at System.Linq.Expressions.Expression.<>c.<New>b__361_0(ConstructorInfo c)
         at System.Linq.Enumerable.TryGetSingle[TSource](IEnumerable`1 source, Func`2 predicate, Boolean& found)
         at System.Linq.Enumerable.SingleOrDefault[TSource](IEnumerable`1 source, Func`2 predicate)
         at System.Linq.Expressions.Expression.New(Type type)
         at Microsoft.AspNetCore.Mvc.RazorPages.Infrastructure.DefaultPageActivatorProvider.CreatePageFactory(Type pageTypeInfo)
         at Microsoft.AspNetCore.Mvc.RazorPages.Infrastructure.DefaultPageFactoryProvider.CreatePageFactory(CompiledPageActionDescriptor actionDescriptor)
         at Microsoft.AspNetCore.Mvc.RazorPages.Infrastructure.PageActionInvokerCache.CreateCacheEntry(CompiledPageActionDescriptor compiledActionDescriptor, FilterItem[] cachedFilters)
         at Microsoft.AspNetCore.Mvc.RazorPages.Infrastructure.PageActionInvokerCache.GetCachedResult(ActionContext actionContext)
         at Microsoft.AspNetCore.Mvc.RazorPages.Infrastructure.PageActionInvokerProvider.OnProvidersExecuting(ActionInvokerProviderContext context)
         at Microsoft.AspNetCore.Mvc.Infrastructure.ActionInvokerFactory.CreateInvoker(ActionContext actionContext)
         at Microsoft.AspNetCore.Mvc.Routing.ActionEndpointFactory.<>c__DisplayClass10_0.<CreateRequestDelegate>b__0(HttpContext context)
         at Microsoft.AspNetCore.Routing.EndpointMiddleware.Invoke(HttpContext httpContext)
      --- End of stack trace from previous location ---
         at Microsoft.AspNetCore.Authorization.AuthorizationMiddleware.Invoke(HttpContext context)
         at Microsoft.AspNetCore.Authentication.AuthenticationMiddleware.Invoke(HttpContext context)
         at Microsoft.AspNetCore.Diagnostics.DeveloperExceptionPageMiddlewareImpl.Invoke(HttpContext context)
fail: Microsoft.AspNetCore.Diagnostics.DeveloperExceptionPageMiddleware[1]
      An unhandled exception has occurred while executing the request.
      System.BadImageFormatException: Illegal or unimplemented ELEM_TYPE in signature. The format of the file '/Users/macbook/Documents/GitHub/ogamecloneapp/bin/Debug/net7.0/myapp.dll' is invalid.
         at System.Signature.GetSignature(Void* pCorSig, Int32 cCorSig, RuntimeFieldHandleInternal fieldHandle, IRuntimeMethodInfo methodHandle, RuntimeType declaringType)
         at System.Reflection.RuntimeConstructorInfo.<get_Signature>g__LazyCreateSignature|21_0()
         at System.Reflection.RuntimeConstructorInfo.GetParameters()
         at System.Dynamic.Utils.TypeExtensions.GetParametersCached(MethodBase method)
         at System.Linq.Expressions.Expression.<>c.<New>b__361_0(ConstructorInfo c)
         at System.Linq.Enumerable.TryGetSingle[TSource](IEnumerable`1 source, Func`2 predicate, Boolean& found)
         at System.Linq.Enumerable.SingleOrDefault[TSource](IEnumerable`1 source, Func`2 predicate)
         at System.Linq.Expressions.Expression.New(Type type)
         at Microsoft.AspNetCore.Mvc.RazorPages.Infrastructure.DefaultPageActivatorProvider.CreatePageFactory(Type pageTypeInfo)
         at Microsoft.AspNetCore.Mvc.RazorPages.Infrastructure.DefaultPageFactoryProvider.CreatePageFactory(CompiledPageActionDescriptor actionDescriptor)
         at Microsoft.AspNetCore.Mvc.RazorPages.Infrastructure.PageActionInvokerCache.CreateCacheEntry(CompiledPageActionDescriptor compiledActionDescriptor, FilterItem[] cachedFilters)
         at Microsoft.AspNetCore.Mvc.RazorPages.Infrastructure.PageActionInvokerCache.GetCachedResult(ActionContext actionContext)
         at Microsoft.AspNetCore.Mvc.RazorPages.Infrastructure.PageRequestDelegateFactory.<>c__DisplayClass13_0.<CreateRequestDelegate>b__0(HttpContext context)
         at Microsoft.AspNetCore.Routing.EndpointMiddleware.Invoke(HttpContext httpContext)
      --- End of stack trace from previous location ---
         at Microsoft.AspNetCore.Authorization.AuthorizationMiddleware.Invoke(HttpContext context)
         at Microsoft.AspNetCore.Authentication.AuthenticationMiddleware.Invoke(HttpContext context)
         at Microsoft.AspNetCore.Diagnostics.DeveloperExceptionPageMiddlewareImpl.Invoke(HttpContext context)
fail: Microsoft.AspNetCore.Diagnostics.DeveloperExceptionPageMiddleware[1]
      An unhandled exception has occurred while executing the request.
      System.BadImageFormatException: Illegal or unimplemented ELEM_TYPE in signature. The format of the file '/Users/macbook/Documents/GitHub/ogamecloneapp/bin/Debug/net7.0/myapp.dll' is invalid.
         at System.Signature.GetSignature(Void* pCorSig, Int32 cCorSig, RuntimeFieldHandleInternal fieldHandle, IRuntimeMethodInfo methodHandle, RuntimeType declaringType)
         at System.Reflection.RuntimeConstructorInfo.<get_Signature>g__LazyCreateSignature|21_0()
         at System.Reflection.RuntimeConstructorInfo.GetParameters()
         at System.Dynamic.Utils.TypeExtensions.GetParametersCached(MethodBase method)
         at System.Linq.Expressions.Expression.<>c.<New>b__361_0(ConstructorInfo c)
         at System.Linq.Enumerable.TryGetSingle[TSource](IEnumerable`1 source, Func`2 predicate, Boolean& found)
         at System.Linq.Enumerable.SingleOrDefault[TSource](IEnumerable`1 source, Func`2 predicate)
         at System.Linq.Expressions.Expression.New(Type type)
         at Microsoft.AspNetCore.Mvc.RazorPages.Infrastructure.DefaultPageActivatorProvider.CreatePageFactory(Type pageTypeInfo)
         at Microsoft.AspNetCore.Mvc.RazorPages.Infrastructure.DefaultPageFactoryProvider.CreatePageFactory(CompiledPageActionDescriptor actionDescriptor)
         at Microsoft.AspNetCore.Mvc.RazorPages.Infrastructure.PageActionInvokerCache.CreateCacheEntry(CompiledPageActionDescriptor compiledActionDescriptor, FilterItem[] cachedFilters)
         at Microsoft.AspNetCore.Mvc.RazorPages.Infrastructure.PageActionInvokerCache.GetCachedResult(ActionContext actionContext)
         at Microsoft.AspNetCore.Mvc.RazorPages.Infrastructure.PageRequestDelegateFactory.<>c__DisplayClass13_0.<CreateRequestDelegate>b__0(HttpContext context)
         at Microsoft.AspNetCore.Routing.EndpointMiddleware.Invoke(HttpContext httpContext)
      --- End of stack trace from previous location ---
         at Microsoft.AspNetCore.Authorization.AuthorizationMiddleware.Invoke(HttpContext context)
         at Microsoft.AspNetCore.Authentication.AuthenticationMiddleware.Invoke(HttpContext context)
         at Microsoft.AspNetCore.Diagnostics.DeveloperExceptionPageMiddlewareImpl.Invoke(HttpContext context)
fail: Microsoft.AspNetCore.Diagnostics.DeveloperExceptionPageMiddleware[1]
      An unhandled exception has occurred while executing the request.
      System.BadImageFormatException: Illegal or unimplemented ELEM_TYPE in signature. The format of the file '/Users/macbook/Documents/GitHub/ogamecloneapp/bin/Debug/net7.0/myapp.dll' is invalid.
         at System.Signature.GetSignature(Void* pCorSig, Int32 cCorSig, RuntimeFieldHandleInternal fieldHandle, IRuntimeMethodInfo methodHandle, RuntimeType declaringType)
         at System.Reflection.RuntimeConstructorInfo.<get_Signature>g__LazyCreateSignature|21_0()
         at System.Reflection.RuntimeConstructorInfo.GetParameters()
         at System.Dynamic.Utils.TypeExtensions.GetParametersCached(MethodBase method)
         at System.Linq.Expressions.Expression.<>c.<New>b__361_0(ConstructorInfo c)
         at System.Linq.Enumerable.TryGetSingle[TSource](IEnumerable`1 source, Func`2 predicate, Boolean& found)
         at System.Linq.Enumerable.SingleOrDefault[TSource](IEnumerable`1 source, Func`2 predicate)
         at System.Linq.Expressions.Expression.New(Type type)
         at Microsoft.AspNetCore.Mvc.RazorPages.Infrastructure.DefaultPageActivatorProvider.CreatePageFactory(Type pageTypeInfo)
         at Microsoft.AspNetCore.Mvc.RazorPages.Infrastructure.DefaultPageFactoryProvider.CreatePageFactory(CompiledPageActionDescriptor actionDescriptor)
         at Microsoft.AspNetCore.Mvc.RazorPages.Infrastructure.PageActionInvokerCache.CreateCacheEntry(CompiledPageActionDescriptor compiledActionDescriptor, FilterItem[] cachedFilters)
         at Microsoft.AspNetCore.Mvc.RazorPages.Infrastructure.PageActionInvokerCache.GetCachedResult(ActionContext actionContext)
         at Microsoft.AspNetCore.Mvc.RazorPages.Infrastructure.PageRequestDelegateFactory.<>c__DisplayClass13_0.<CreateRequestDelegate>b__0(HttpContext context)
         at Microsoft.AspNetCore.Routing.EndpointMiddleware.Invoke(HttpContext httpContext)
      --- End of stack trace from previous location ---
         at Microsoft.AspNetCore.Authorization.AuthorizationMiddleware.Invoke(HttpContext context)
         at Microsoft.AspNetCore.Authentication.AuthenticationMiddleware.Invoke(HttpContext context)
         at Microsoft.AspNetCore.Diagnostics.DeveloperExceptionPageMiddlewareImpl.Invoke(HttpContext context)
fail: Microsoft.AspNetCore.Diagnostics.DeveloperExceptionPageMiddleware[1]
      An unhandled exception has occurred while executing the request.
      System.BadImageFormatException: Illegal or unimplemented ELEM_TYPE in signature. The format of the file '/Users/macbook/Documents/GitHub/ogamecloneapp/bin/Debug/net7.0/myapp.dll' is invalid.
         at System.Signature.GetSignature(Void* pCorSig, Int32 cCorSig, RuntimeFieldHandleInternal fieldHandle, IRuntimeMethodInfo methodHandle, RuntimeType declaringType)
         at System.Reflection.RuntimeConstructorInfo.<get_Signature>g__LazyCreateSignature|21_0()
         at System.Reflection.RuntimeConstructorInfo.GetParameters()
         at System.Dynamic.Utils.TypeExtensions.GetParametersCached(MethodBase method)
         at System.Linq.Expressions.Expression.<>c.<New>b__361_0(ConstructorInfo c)
         at System.Linq.Enumerable.TryGetSingle[TSource](IEnumerable`1 source, Func`2 predicate, Boolean& found)
         at System.Linq.Enumerable.SingleOrDefault[TSource](IEnumerable`1 source, Func`2 predicate)
         at System.Linq.Expressions.Expression.New(Type type)
         at Microsoft.AspNetCore.Mvc.RazorPages.Infrastructure.DefaultPageActivatorProvider.CreatePageFactory(Type pageTypeInfo)
         at Microsoft.AspNetCore.Mvc.RazorPages.Infrastructure.DefaultPageFactoryProvider.CreatePageFactory(CompiledPageActionDescriptor actionDescriptor)
         at Microsoft.AspNetCore.Mvc.RazorPages.Infrastructure.PageActionInvokerCache.CreateCacheEntry(CompiledPageActionDescriptor compiledActionDescriptor, FilterItem[] cachedFilters)
         at Microsoft.AspNetCore.Mvc.RazorPages.Infrastructure.PageActionInvokerCache.GetCachedResult(ActionContext actionContext)
         at Microsoft.AspNetCore.Mvc.RazorPages.Infrastructure.PageRequestDelegateFactory.<>c__DisplayClass13_0.<CreateRequestDelegate>b__0(HttpContext context)
         at Microsoft.AspNetCore.Routing.EndpointMiddleware.Invoke(HttpContext httpContext)
      --- End of stack trace from previous location ---
         at Microsoft.AspNetCore.Authorization.AuthorizationMiddleware.Invoke(HttpContext context)
         at Microsoft.AspNetCore.Authentication.AuthenticationMiddleware.Invoke(HttpContext context)
         at Microsoft.AspNetCore.Diagnostics.DeveloperExceptionPageMiddlewareImpl.Invoke(HttpContext context)
fail: Microsoft.AspNetCore.Diagnostics.DeveloperExceptionPageMiddleware[1]
      An unhandled exception has occurred while executing the request.
      System.BadImageFormatException: Illegal or unimplemented ELEM_TYPE in signature. The format of the file '/Users/macbook/Documents/GitHub/ogamecloneapp/bin/Debug/net7.0/myapp.dll' is invalid.
         at System.Signature.GetSignature(Void* pCorSig, Int32 cCorSig, RuntimeFieldHandleInternal fieldHandle, IRuntimeMethodInfo methodHandle, RuntimeType declaringType)
         at System.Reflection.RuntimeConstructorInfo.<get_Signature>g__LazyCreateSignature|21_0()
         at System.Reflection.RuntimeConstructorInfo.GetParameters()
         at System.Dynamic.Utils.TypeExtensions.GetParametersCached(MethodBase method)
         at System.Linq.Expressions.Expression.<>c.<New>b__361_0(ConstructorInfo c)
         at System.Linq.Enumerable.TryGetSingle[TSource](IEnumerable`1 source, Func`2 predicate, Boolean& found)
         at System.Linq.Enumerable.SingleOrDefault[TSource](IEnumerable`1 source, Func`2 predicate)
         at System.Linq.Expressions.Expression.New(Type type)
         at Microsoft.AspNetCore.Mvc.RazorPages.Infrastructure.DefaultPageActivatorProvider.CreatePageFactory(Type pageTypeInfo)
         at Microsoft.AspNetCore.Mvc.RazorPages.Infrastructure.DefaultPageFactoryProvider.CreatePageFactory(CompiledPageActionDescriptor actionDescriptor)
         at Microsoft.AspNetCore.Mvc.RazorPages.Infrastructure.PageActionInvokerCache.CreateCacheEntry(CompiledPageActionDescriptor compiledActionDescriptor, FilterItem[] cachedFilters)
         at Microsoft.AspNetCore.Mvc.RazorPages.Infrastructure.PageActionInvokerCache.GetCachedResult(ActionContext actionContext)
         at Microsoft.AspNetCore.Mvc.RazorPages.Infrastructure.PageRequestDelegateFactory.<>c__DisplayClass13_0.<CreateRequestDelegate>b__0(HttpContext context)
         at Microsoft.AspNetCore.Routing.EndpointMiddleware.Invoke(HttpContext httpContext)
      --- End of stack trace from previous location ---
         at Microsoft.AspNetCore.Authorization.AuthorizationMiddleware.Invoke(HttpContext context)
         at Microsoft.AspNetCore.Authentication.AuthenticationMiddleware.Invoke(HttpContext context)
         at Microsoft.AspNetCore.Diagnostics.DeveloperExceptionPageMiddlewareImpl.Invoke(HttpContext context)
fail: Microsoft.AspNetCore.Diagnostics.DeveloperExceptionPageMiddleware[1]
      An unhandled exception has occurred while executing the request.
      System.BadImageFormatException: Illegal or unimplemented ELEM_TYPE in signature. The format of the file '/Users/macbook/Documents/GitHub/ogamecloneapp/bin/Debug/net7.0/myapp.dll' is invalid.
         at System.Signature.GetSignature(Void* pCorSig, Int32 cCorSig, RuntimeFieldHandleInternal fieldHandle, IRuntimeMethodInfo methodHandle, RuntimeType declaringType)
         at System.Reflection.RuntimeConstructorInfo.<get_Signature>g__LazyCreateSignature|21_0()
         at System.Reflection.RuntimeConstructorInfo.GetParameters()
         at System.Dynamic.Utils.TypeExtensions.GetParametersCached(MethodBase method)
         at System.Linq.Expressions.Expression.<>c.<New>b__361_0(ConstructorInfo c)
         at System.Linq.Enumerable.TryGetSingle[TSource](IEnumerable`1 source, Func`2 predicate, Boolean& found)
         at System.Linq.Enumerable.SingleOrDefault[TSource](IEnumerable`1 source, Func`2 predicate)
         at System.Linq.Expressions.Expression.New(Type type)
         at Microsoft.AspNetCore.Mvc.RazorPages.Infrastructure.DefaultPageActivatorProvider.CreatePageFactory(Type pageTypeInfo)
         at Microsoft.AspNetCore.Mvc.RazorPages.Infrastructure.DefaultPageFactoryProvider.CreatePageFactory(CompiledPageActionDescriptor actionDescriptor)
         at Microsoft.AspNetCore.Mvc.RazorPages.Infrastructure.PageActionInvokerCache.CreateCacheEntry(CompiledPageActionDescriptor compiledActionDescriptor, FilterItem[] cachedFilters)
         at Microsoft.AspNetCore.Mvc.RazorPages.Infrastructure.PageActionInvokerCache.GetCachedResult(ActionContext actionContext)
         at Microsoft.AspNetCore.Mvc.RazorPages.Infrastructure.PageRequestDelegateFactory.<>c__DisplayClass13_0.<CreateRequestDelegate>b__0(HttpContext context)
         at Microsoft.AspNetCore.Routing.EndpointMiddleware.Invoke(HttpContext httpContext)
      --- End of stack trace from previous location ---
         at Microsoft.AspNetCore.Authorization.AuthorizationMiddleware.Invoke(HttpContext context)
         at Microsoft.AspNetCore.Authentication.AuthenticationMiddleware.Invoke(HttpContext context)
         at Microsoft.AspNetCore.Diagnostics.DeveloperExceptionPageMiddlewareImpl.Invoke(HttpContext context)
fail: Microsoft.AspNetCore.Diagnostics.DeveloperExceptionPageMiddleware[1]
      An unhandled exception has occurred while executing the request.
      System.BadImageFormatException: Illegal or unimplemented ELEM_TYPE in signature. The format of the file '/Users/macbook/Documents/GitHub/ogamecloneapp/bin/Debug/net7.0/myapp.dll' is invalid.
         at System.Signature.GetSignature(Void* pCorSig, Int32 cCorSig, RuntimeFieldHandleInternal fieldHandle, IRuntimeMethodInfo methodHandle, RuntimeType declaringType)
         at System.Reflection.RuntimeConstructorInfo.<get_Signature>g__LazyCreateSignature|21_0()
         at System.Reflection.RuntimeConstructorInfo.GetParameters()
         at System.Dynamic.Utils.TypeExtensions.GetParametersCached(MethodBase method)
         at System.Linq.Expressions.Expression.<>c.<New>b__361_0(ConstructorInfo c)
         at System.Linq.Enumerable.TryGetSingle[TSource](IEnumerable`1 source, Func`2 predicate, Boolean& found)
         at System.Linq.Enumerable.SingleOrDefault[TSource](IEnumerable`1 source, Func`2 predicate)
         at System.Linq.Expressions.Expression.New(Type type)
         at Microsoft.AspNetCore.Mvc.RazorPages.Infrastructure.DefaultPageActivatorProvider.CreatePageFactory(Type pageTypeInfo)
         at Microsoft.AspNetCore.Mvc.RazorPages.Infrastructure.DefaultPageFactoryProvider.CreatePageFactory(CompiledPageActionDescriptor actionDescriptor)
         at Microsoft.AspNetCore.Mvc.RazorPages.Infrastructure.PageActionInvokerCache.CreateCacheEntry(CompiledPageActionDescriptor compiledActionDescriptor, FilterItem[] cachedFilters)
         at Microsoft.AspNetCore.Mvc.RazorPages.Infrastructure.PageActionInvokerCache.GetCachedResult(ActionContext actionContext)
         at Microsoft.AspNetCore.Mvc.RazorPages.Infrastructure.PageRequestDelegateFactory.<>c__DisplayClass13_0.<CreateRequestDelegate>b__0(HttpContext context)
         at Microsoft.AspNetCore.Routing.EndpointMiddleware.Invoke(HttpContext httpContext)
      --- End of stack trace from previous location ---
         at Microsoft.AspNetCore.Authorization.AuthorizationMiddleware.Invoke(HttpContext context)
         at Microsoft.AspNetCore.Authentication.AuthenticationMiddleware.Invoke(HttpContext context)
         at Microsoft.AspNetCore.Diagnostics.DeveloperExceptionPageMiddlewareImpl.Invoke(HttpContext context)
